[35m[1mConsolidate compiler generated dependencies of target gtest[0m
[35m[1mConsolidate compiler generated dependencies of target gtest_main[0m
[ 12%] [32mBuilding CXX object CMakeFiles/moveit_task_constructor_capabilities.dir/src/execute_task_solution_capability.cpp.o[0m
[ 37%] Built target gtest_main
[ 62%] Built target gtest
[ 75%] [32mBuilding CXX object test/CMakeFiles/test_execution.dir/test_task_execution.cpp.o[0m
gmake[2]: *** [CMakeFiles/moveit_task_constructor_capabilities.dir/build.make:76: CMakeFiles/moveit_task_constructor_capabilities.dir/src/execute_task_solution_capability.cpp.o] Interrupt
gmake[2]: *** [test/CMakeFiles/test_execution.dir/build.make:76: test/CMakeFiles/test_execution.dir/test_task_execution.cpp.o] Interrupt
gmake[1]: *** [CMakeFiles/Makefile2:172: CMakeFiles/moveit_task_constructor_capabilities.dir/all] Interrupt
gmake[1]: *** [CMakeFiles/Makefile2:199: test/CMakeFiles/test_execution.dir/all] Interrupt
gmake: *** [Makefile:146: all] Interrupt
